2020-04-11 00:20:51.664  INFO 24408 --- [restartedMain] l.m.m.ManongcommunityApplication         : Starting ManongcommunityApplication on DESKTOP-6MLM9A1 with PID 24408 (started by marboo in D:\eclipes工作空间\mashangkaishi)
2020-04-11 00:20:51.671  INFO 24408 --- [restartedMain] l.m.m.ManongcommunityApplication         : No active profile set, falling back to default profiles: default
2020-04-11 00:20:52.447  INFO 24408 --- [restartedMain] .e.DevToolsPropertyDefaultsPostProcessor : Devtools property defaults active! Set 'spring.devtools.add-properties' to 'false' to disable
2020-04-11 00:20:52.447  INFO 24408 --- [restartedMain] .e.DevToolsPropertyDefaultsPostProcessor : For additional web related logging consider setting the 'logging.level.web' property to 'DEBUG'
2020-04-11 00:21:21.861  INFO 3524 --- [restartedMain] l.m.m.ManongcommunityApplication         : Starting ManongcommunityApplication on DESKTOP-6MLM9A1 with PID 3524 (started by marboo in D:\eclipes工作空间\mashangkaishi)
2020-04-11 00:21:21.865  INFO 3524 --- [restartedMain] l.m.m.ManongcommunityApplication         : No active profile set, falling back to default profiles: default
2020-04-11 00:21:22.007  INFO 3524 --- [restartedMain] .e.DevToolsPropertyDefaultsPostProcessor : Devtools property defaults active! Set 'spring.devtools.add-properties' to 'false' to disable
2020-04-11 00:21:22.007  INFO 3524 --- [restartedMain] .e.DevToolsPropertyDefaultsPostProcessor : For additional web related logging consider setting the 'logging.level.web' property to 'DEBUG'
2020-04-11 00:21:25.398  INFO 3524 --- [restartedMain] .s.d.r.c.RepositoryConfigurationDelegate : Multiple Spring Data modules found, entering strict repository configuration mode!
2020-04-11 00:21:25.444  INFO 3524 --- [restartedMain] .s.d.r.c.RepositoryConfigurationDelegate : Bootstrapping Spring Data repositories in DEFAULT mode.
2020-04-11 00:21:25.654  INFO 3524 --- [restartedMain] .s.d.r.c.RepositoryConfigurationDelegate : Finished Spring Data repository scanning in 102ms. Found 0 repository interfaces.
2020-04-11 00:21:26.953  INFO 3524 --- [restartedMain] trationDelegate$BeanPostProcessorChecker : Bean 'org.springframework.transaction.annotation.ProxyTransactionManagementConfiguration' of type [org.springframework.transaction.annotation.ProxyTransactionManagementConfiguration] is not eligible for getting processed by all BeanPostProcessors (for example: not eligible for auto-proxying)
2020-04-11 00:21:27.740  INFO 3524 --- [restartedMain] o.s.b.w.embedded.tomcat.TomcatWebServer  : Tomcat initialized with port(s): 80 (http)
2020-04-11 00:21:27.772  INFO 3524 --- [restartedMain] o.apache.catalina.core.StandardService   : Starting service [Tomcat]
2020-04-11 00:21:27.772  INFO 3524 --- [restartedMain] org.apache.catalina.core.StandardEngine  : Starting Servlet engine: [Apache Tomcat/9.0.27]
2020-04-11 00:21:27.879  INFO 3524 --- [restartedMain] o.a.c.c.C.[Tomcat].[localhost].[/]       : Initializing Spring embedded WebApplicationContext
2020-04-11 00:21:27.880  INFO 3524 --- [restartedMain] o.s.web.context.ContextLoader            : Root WebApplicationContext: initialization completed in 5873 ms
2020-04-11 00:21:28.863  INFO 3524 --- [restartedMain] o.s.s.concurrent.ThreadPoolTaskExecutor  : Initializing ExecutorService 'asyncExecutor'
2020-04-11 00:21:29.391  INFO 3524 --- [restartedMain] o.s.b.a.w.s.WelcomePageHandlerMapping    : Adding welcome page template: index
2020-04-11 00:21:30.898  INFO 3524 --- [restartedMain] o.s.s.c.ThreadPoolTaskScheduler          : Initializing ExecutorService 'taskScheduler'
2020-04-11 00:21:30.988  INFO 3524 --- [restartedMain] o.s.b.d.a.OptionalLiveReloadServer       : LiveReload server is running on port 35729
2020-04-11 00:21:31.069  INFO 3524 --- [restartedMain] o.s.b.w.embedded.tomcat.TomcatWebServer  : Tomcat started on port(s): 80 (http) with context path ''
2020-04-11 00:21:31.071  INFO 3524 --- [restartedMain] l.m.m.ManongcommunityApplication         : Started ManongcommunityApplication in 9.731 seconds (JVM running for 10.862)
2020-04-11 00:21:42.937  INFO 3524 --- [http-nio-80-exec-1] o.a.c.c.C.[Tomcat].[localhost].[/]       : Initializing Spring DispatcherServlet 'dispatcherServlet'
2020-04-11 00:21:42.938  INFO 3524 --- [http-nio-80-exec-1] o.s.web.servlet.DispatcherServlet        : Initializing Servlet 'dispatcherServlet'
2020-04-11 00:21:42.946  INFO 3524 --- [http-nio-80-exec-1] o.s.web.servlet.DispatcherServlet        : Completed initialization in 8 ms
2020-04-11 00:21:46.156  INFO 3524 --- [Forwarding newSession on session null to remote] o.o.selenium.remote.ProtocolHandshake    : Detected dialect: W3C
2020-04-11 00:30:35.195  INFO 28140 --- [restartedMain] l.m.m.ManongcommunityApplication         : Starting ManongcommunityApplication on DESKTOP-6MLM9A1 with PID 28140 (started by marboo in D:\eclipes工作空间\mashangkaishi)
2020-04-11 00:30:35.204  INFO 28140 --- [restartedMain] l.m.m.ManongcommunityApplication         : No active profile set, falling back to default profiles: default
2020-04-11 00:30:35.283  INFO 28140 --- [restartedMain] .e.DevToolsPropertyDefaultsPostProcessor : Devtools property defaults active! Set 'spring.devtools.add-properties' to 'false' to disable
2020-04-11 00:30:35.283  INFO 28140 --- [restartedMain] .e.DevToolsPropertyDefaultsPostProcessor : For additional web related logging consider setting the 'logging.level.web' property to 'DEBUG'
2020-04-11 00:30:35.991  INFO 28140 --- [restartedMain] .s.d.r.c.RepositoryConfigurationDelegate : Multiple Spring Data modules found, entering strict repository configuration mode!
2020-04-11 00:30:35.994  INFO 28140 --- [restartedMain] .s.d.r.c.RepositoryConfigurationDelegate : Bootstrapping Spring Data repositories in DEFAULT mode.
2020-04-11 00:30:36.051  INFO 28140 --- [restartedMain] .s.d.r.c.RepositoryConfigurationDelegate : Finished Spring Data repository scanning in 42ms. Found 0 repository interfaces.
2020-04-11 00:30:36.365  INFO 28140 --- [restartedMain] trationDelegate$BeanPostProcessorChecker : Bean 'org.springframework.transaction.annotation.ProxyTransactionManagementConfiguration' of type [org.springframework.transaction.annotation.ProxyTransactionManagementConfiguration] is not eligible for getting processed by all BeanPostProcessors (for example: not eligible for auto-proxying)
2020-04-11 00:30:36.660  INFO 28140 --- [restartedMain] o.s.b.w.embedded.tomcat.TomcatWebServer  : Tomcat initialized with port(s): 80 (http)
2020-04-11 00:30:36.669  INFO 28140 --- [restartedMain] o.apache.catalina.core.StandardService   : Starting service [Tomcat]
2020-04-11 00:30:36.670  INFO 28140 --- [restartedMain] org.apache.catalina.core.StandardEngine  : Starting Servlet engine: [Apache Tomcat/9.0.27]
2020-04-11 00:30:36.772  INFO 28140 --- [restartedMain] o.a.c.c.C.[Tomcat].[localhost].[/]       : Initializing Spring embedded WebApplicationContext
2020-04-11 00:30:36.772  INFO 28140 --- [restartedMain] o.s.web.context.ContextLoader            : Root WebApplicationContext: initialization completed in 1489 ms
2020-04-11 00:30:37.294  INFO 28140 --- [restartedMain] o.s.s.concurrent.ThreadPoolTaskExecutor  : Initializing ExecutorService 'asyncExecutor'
2020-04-11 00:30:37.507  INFO 28140 --- [restartedMain] o.s.b.a.w.s.WelcomePageHandlerMapping    : Adding welcome page template: index
2020-04-11 00:30:37.924  INFO 28140 --- [restartedMain] o.s.s.c.ThreadPoolTaskScheduler          : Initializing ExecutorService 'taskScheduler'
2020-04-11 00:30:37.993  INFO 28140 --- [restartedMain] o.s.b.d.a.OptionalLiveReloadServer       : LiveReload server is running on port 35729
2020-04-11 00:30:38.041  INFO 28140 --- [restartedMain] o.s.b.w.embedded.tomcat.TomcatWebServer  : Tomcat started on port(s): 80 (http) with context path ''
2020-04-11 00:30:38.045  INFO 28140 --- [restartedMain] l.m.m.ManongcommunityApplication         : Started ManongcommunityApplication in 3.337 seconds (JVM running for 4.415)
2020-04-11 00:30:50.665  INFO 28140 --- [http-nio-80-exec-1] o.a.c.c.C.[Tomcat].[localhost].[/]       : Initializing Spring DispatcherServlet 'dispatcherServlet'
2020-04-11 00:30:50.666  INFO 28140 --- [http-nio-80-exec-1] o.s.web.servlet.DispatcherServlet        : Initializing Servlet 'dispatcherServlet'
2020-04-11 00:30:50.673  INFO 28140 --- [http-nio-80-exec-1] o.s.web.servlet.DispatcherServlet        : Completed initialization in 7 ms
2020-04-11 00:30:53.563  INFO 28140 --- [Forwarding newSession on session null to remote] o.o.selenium.remote.ProtocolHandshake    : Detected dialect: W3C
